VAOS Phase 7 -- pytest report
Command: pytest -v (full suite: core + domain + repository + collectors + parsers + extractors + analyzers)
Generated: 2026-08-10 10:17:05 UTC
================================================================

============================= test session starts ==============================
platform linux -- Python 3.12.3, pytest-9.1.1, pluggy-1.6.0 -- /usr/bin/python3
cachedir: .pytest_cache
rootdir: /home/claude/work/VAOS-Core
configfile: pyproject.toml
testpaths: tests
plugins: asyncio-1.4.0
asyncio: mode=Mode.STRICT, debug=False, asyncio_default_fixture_loop_scope=None, asyncio_default_test_loop_scope=function
collecting ... collected 596 items

tests/unit/analyzers/architecture/test_base.py::test_architecture_analyzer_cannot_be_instantiated_directly PASSED [  0%]
tests/unit/analyzers/architecture/test_base.py::test_architecture_analysis_result_ok_builds_a_successful_result PASSED [  0%]
tests/unit/analyzers/architecture/test_base.py::test_architecture_analysis_result_failed_builds_a_failed_result PASSED [  0%]
tests/unit/analyzers/architecture/test_base.py::test_architecture_analysis_result_rejects_error_message_on_success PASSED [  0%]
tests/unit/analyzers/architecture/test_base.py::test_architecture_analysis_result_requires_assessment_on_success PASSED [  0%]
tests/unit/analyzers/architecture/test_base.py::test_architecture_analysis_result_rejects_assessment_on_failure PASSED [  1%]
tests/unit/analyzers/architecture/test_base.py::test_architecture_analysis_result_requires_error_message_on_failure PASSED [  1%]
tests/unit/analyzers/architecture/test_base.py::test_require_successful_extraction_returns_a_successful_result_unchanged PASSED [  1%]
tests/unit/analyzers/architecture/test_base.py::test_require_successful_extraction_rejects_a_failed_result PASSED [  1%]
tests/unit/analyzers/architecture/test_base.py::test_architecture_assessment_is_frozen PASSED [  1%]
tests/unit/analyzers/architecture/test_base.py::test_architecture_assessment_defaults PASSED [  1%]
tests/unit/analyzers/architecture/test_base.py::test_architecture_assessment_rejects_negative_declared_module_count PASSED [  2%]
tests/unit/analyzers/architecture/test_base.py::test_architecture_assessment_computes_depth_from_path PASSED [  2%]
tests/unit/analyzers/architecture/test_base.py::test_architecture_assessment_package_depth_tracks_empty_path PASSED [  2%]
tests/unit/analyzers/complexity/test_base.py::test_complexity_analyzer_cannot_be_instantiated_directly PASSED [  2%]
tests/unit/analyzers/complexity/test_base.py::test_complexity_analysis_result_ok_builds_a_successful_result PASSED [  2%]
tests/unit/analyzers/complexity/test_base.py::test_complexity_analysis_result_failed_builds_a_failed_result PASSED [  2%]
tests/unit/analyzers/complexity/test_base.py::test_complexity_analysis_result_rejects_error_message_on_success PASSED [  3%]
tests/unit/analyzers/complexity/test_base.py::test_complexity_analysis_result_requires_metrics_on_success PASSED [  3%]
tests/unit/analyzers/complexity/test_base.py::test_complexity_analysis_result_rejects_metrics_on_failure PASSED [  3%]
tests/unit/analyzers/complexity/test_base.py::test_complexity_analysis_result_requires_error_message_on_failure PASSED [  3%]
tests/unit/analyzers/complexity/test_base.py::test_require_successful_extraction_returns_a_successful_result_unchanged PASSED [  3%]
tests/unit/analyzers/complexity/test_base.py::test_require_successful_extraction_rejects_a_failed_result PASSED [  3%]
tests/unit/analyzers/complexity/test_base.py::test_complexity_metrics_is_frozen PASSED [  4%]
tests/unit/analyzers/complexity/test_base.py::test_complexity_metrics_defaults PASSED [  4%]
tests/unit/analyzers/complexity/test_base.py::test_complexity_metrics_rejects_negative_methods_per_class PASSED [  4%]
tests/unit/analyzers/complexity/test_base.py::test_complexity_metrics_rejects_negative_lines_per_function PASSED [  4%]
tests/unit/analyzers/complexity/test_base.py::test_complexity_metrics_rejects_negative_class_count PASSED [  4%]
tests/unit/analyzers/complexity/test_base.py::test_complexity_metrics_rejects_negative_function_count PASSED [  4%]
tests/unit/analyzers/complexity/test_base.py::test_complexity_metrics_rejects_negative_method_count PASSED [  5%]
tests/unit/analyzers/complexity/test_base.py::test_complexity_metrics_rejects_out_of_range_async_ratio[-0.1] PASSED [  5%]
tests/unit/analyzers/complexity/test_base.py::test_complexity_metrics_rejects_out_of_range_async_ratio[1.1] PASSED [  5%]
tests/unit/analyzers/complexity/test_base.py::test_safe_ratio_computes_a_normal_ratio PASSED [  5%]
tests/unit/analyzers/complexity/test_base.py::test_safe_ratio_returns_zero_for_a_zero_denominator PASSED [  5%]
tests/unit/analyzers/complexity/test_base.py::test_safe_ratio_rejects_a_negative_numerator PASSED [  5%]
tests/unit/analyzers/dependency/test_base.py::test_dependency_analyzer_cannot_be_instantiated_directly PASSED [  6%]
tests/unit/analyzers/dependency/test_base.py::test_dependency_analysis_result_ok_builds_a_successful_result PASSED [  6%]
tests/unit/analyzers/dependency/test_base.py::test_dependency_analysis_result_failed_builds_a_failed_result PASSED [  6%]
tests/unit/analyzers/dependency/test_base.py::test_dependency_analysis_result_rejects_error_message_on_success PASSED [  6%]
tests/unit/analyzers/dependency/test_base.py::test_dependency_analysis_result_requires_profile_on_success PASSED [  6%]
tests/unit/analyzers/dependency/test_base.py::test_dependency_analysis_result_rejects_profile_on_failure PASSED [  6%]
tests/unit/analyzers/dependency/test_base.py::test_dependency_analysis_result_requires_error_message_on_failure PASSED [  7%]
tests/unit/analyzers/dependency/test_base.py::test_require_successful_extraction_returns_a_successful_result_unchanged PASSED [  7%]
tests/unit/analyzers/dependency/test_base.py::test_require_successful_extraction_rejects_a_failed_result PASSED [  7%]
tests/unit/analyzers/dependency/test_base.py::test_dependency_profile_is_frozen PASSED [  7%]
tests/unit/analyzers/dependency/test_base.py::test_dependency_profile_defaults PASSED [  7%]
tests/unit/analyzers/dependency/test_base.py::test_dependency_profile_accepts_a_consistent_breakdown PASSED [  7%]
tests/unit/analyzers/dependency/test_base.py::test_dependency_profile_rejects_negative_counts PASSED [  8%]
tests/unit/analyzers/dependency/test_base.py::test_dependency_profile_rejects_inconsistent_totals PASSED [  8%]
tests/unit/analyzers/dependency/test_base.py::test_dependency_profile_rejects_unsorted_external_targets PASSED [  8%]
tests/unit/analyzers/dependency/test_base.py::test_dependency_profile_rejects_duplicate_external_targets PASSED [  8%]
tests/unit/analyzers/dependency/test_base.py::test_summarize_external_targets_dedupes_and_sorts PASSED [  8%]
tests/unit/analyzers/dependency/test_base.py::test_summarize_external_targets_excludes_internal_edges PASSED [  8%]
tests/unit/analyzers/dependency/test_base.py::test_summarize_external_targets_handles_no_edges PASSED [  9%]
tests/unit/analyzers/documentation/test_base.py::test_documentation_analyzer_cannot_be_instantiated_directly PASSED [  9%]
tests/unit/analyzers/documentation/test_base.py::test_documentation_analysis_result_ok_builds_a_successful_result PASSED [  9%]
tests/unit/analyzers/documentation/test_base.py::test_documentation_analysis_result_failed_builds_a_failed_result PASSED [  9%]
tests/unit/analyzers/documentation/test_base.py::test_documentation_analysis_result_rejects_error_message_on_success PASSED [  9%]
tests/unit/analyzers/documentation/test_base.py::test_documentation_analysis_result_requires_coverage_on_success PASSED [  9%]
tests/unit/analyzers/documentation/test_base.py::test_documentation_analysis_result_rejects_coverage_on_failure PASSED [ 10%]
tests/unit/analyzers/documentation/test_base.py::test_documentation_analysis_result_requires_error_message_on_failure PASSED [ 10%]
tests/unit/analyzers/documentation/test_base.py::test_require_successful_extraction_returns_a_successful_result_unchanged PASSED [ 10%]
tests/unit/analyzers/documentation/test_base.py::test_require_successful_extraction_rejects_a_failed_result PASSED [ 10%]
tests/unit/analyzers/documentation/test_base.py::test_documentation_coverage_is_frozen PASSED [ 10%]
tests/unit/analyzers/documentation/test_base.py::test_documentation_coverage_defaults_to_vacuously_fully_covered PASSED [ 10%]
tests/unit/analyzers/documentation/test_base.py::test_documentation_coverage_rejects_negative_counts PASSED [ 11%]
tests/unit/analyzers/documentation/test_base.py::test_documentation_coverage_rejects_documented_exceeding_total PASSED [ 11%]
tests/unit/analyzers/documentation/test_base.py::test_documentation_coverage_rejects_out_of_range_class_ratio PASSED [ 11%]
tests/unit/analyzers/documentation/test_base.py::test_documentation_coverage_rejects_out_of_range_function_ratio PASSED [ 11%]
tests/unit/analyzers/documentation/test_base.py::test_documentation_coverage_rejects_out_of_range_overall_ratio PASSED [ 11%]
tests/unit/analyzers/documentation/test_base.py::test_coverage_ratio_computes_a_normal_ratio PASSED [ 11%]
tests/unit/analyzers/documentation/test_base.py::test_coverage_ratio_returns_one_for_an_empty_population PASSED [ 12%]
tests/unit/analyzers/documentation/test_base.py::test_coverage_ratio_rejects_a_negative_documented_count PASSED [ 12%]
tests/unit/analyzers/documentation/test_base.py::test_coverage_ratio_rejects_documented_exceeding_total PASSED [ 12%]
tests/unit/analyzers/metrics/test_base.py::test_metrics_analyzer_cannot_be_instantiated_directly PASSED [ 12%]
tests/unit/analyzers/metrics/test_base.py::test_metrics_analysis_result_ok_builds_a_successful_result PASSED [ 12%]
tests/unit/analyzers/metrics/test_base.py::test_metrics_analysis_result_failed_builds_a_failed_result PASSED [ 12%]
tests/unit/analyzers/metrics/test_base.py::test_metrics_analysis_result_rejects_error_message_on_success PASSED [ 13%]
tests/unit/analyzers/metrics/test_base.py::test_metrics_analysis_result_requires_metrics_on_success PASSED [ 13%]
tests/unit/analyzers/metrics/test_base.py::test_metrics_analysis_result_rejects_metrics_on_failure PASSED [ 13%]
tests/unit/analyzers/metrics/test_base.py::test_metrics_analysis_result_requires_error_message_on_failure PASSED [ 13%]
tests/unit/analyzers/metrics/test_base.py::test_require_successful_extraction_returns_a_successful_result_unchanged PASSED [ 13%]
tests/unit/analyzers/metrics/test_base.py::test_require_successful_extraction_rejects_a_failed_result PASSED [ 13%]
tests/unit/analyzers/metrics/test_base.py::test_normalized_code_metrics_is_frozen PASSED [ 14%]
tests/unit/analyzers/metrics/test_base.py::test_normalized_code_metrics_defaults PASSED [ 14%]
tests/unit/analyzers/metrics/test_base.py::test_normalized_code_metrics_rejects_negative_line_count PASSED [ 14%]
tests/unit/analyzers/metrics/test_base.py::test_normalized_code_metrics_rejects_negative_classes_per_kloc PASSED [ 14%]
tests/unit/analyzers/metrics/test_base.py::test_normalized_code_metrics_rejects_negative_functions_per_kloc PASSED [ 14%]
tests/unit/analyzers/metrics/test_base.py::test_normalized_code_metrics_rejects_negative_methods_per_kloc PASSED [ 14%]
tests/unit/analyzers/metrics/test_base.py::test_normalized_code_metrics_rejects_negative_symbols_per_kloc PASSED [ 15%]
tests/unit/analyzers/metrics/test_base.py::test_per_kloc_computes_a_normal_density PASSED [ 15%]
tests/unit/analyzers/metrics/test_base.py::test_per_kloc_returns_zero_for_a_zero_line_count PASSED [ 15%]
tests/unit/analyzers/metrics/test_base.py::test_per_kloc_rejects_a_negative_count PASSED [ 15%]
tests/unit/analyzers/metrics/test_base.py::test_per_kloc_rejects_a_negative_line_count PASSED [ 15%]
tests/unit/analyzers/quality/test_base.py::test_quality_analyzer_cannot_be_instantiated_directly PASSED [ 15%]
tests/unit/analyzers/quality/test_base.py::test_quality_analysis_result_ok_builds_a_successful_result PASSED [ 16%]
tests/unit/analyzers/quality/test_base.py::test_quality_analysis_result_failed_builds_a_failed_result PASSED [ 16%]
tests/unit/analyzers/quality/test_base.py::test_quality_analysis_result_rejects_error_message_on_success PASSED [ 16%]
tests/unit/analyzers/quality/test_base.py::test_quality_analysis_result_requires_assessment_on_success PASSED [ 16%]
tests/unit/analyzers/quality/test_base.py::test_quality_analysis_result_rejects_assessment_on_failure PASSED [ 16%]
tests/unit/analyzers/quality/test_base.py::test_quality_analysis_result_requires_error_message_on_failure PASSED [ 16%]
tests/unit/analyzers/quality/test_base.py::test_require_successful_extraction_returns_a_successful_result_unchanged PASSED [ 17%]
tests/unit/analyzers/quality/test_base.py::test_require_successful_extraction_rejects_a_failed_result PASSED [ 17%]
tests/unit/analyzers/quality/test_base.py::test_quality_indicator_is_frozen PASSED [ 17%]
tests/unit/analyzers/quality/test_base.py::test_quality_indicator_rejects_blank_subject_name PASSED [ 17%]
tests/unit/analyzers/quality/test_base.py::test_quality_indicator_rejects_blank_message PASSED [ 17%]
tests/unit/analyzers/quality/test_base.py::test_quality_assessment_is_frozen PASSED [ 17%]
tests/unit/analyzers/quality/test_base.py::test_quality_assessment_defaults_to_vacuously_documented PASSED [ 18%]
tests/unit/analyzers/quality/test_base.py::test_quality_assessment_rejects_negative_counts PASSED [ 18%]
tests/unit/analyzers/quality/test_base.py::test_quality_assessment_rejects_public_exceeding_total PASSED [ 18%]
tests/unit/analyzers/quality/test_base.py::test_quality_assessment_rejects_out_of_range_ratio PASSED [ 18%]
tests/unit/analyzers/quality/test_base.py::test_quality_assessment_carries_indicators PASSED [ 18%]
tests/unit/analyzers/security/test_base.py::test_security_analyzer_cannot_be_instantiated_directly PASSED [ 18%]
tests/unit/analyzers/security/test_base.py::test_security_analysis_result_ok_builds_a_successful_result PASSED [ 19%]
tests/unit/analyzers/security/test_base.py::test_security_analysis_result_failed_builds_a_failed_result PASSED [ 19%]
tests/unit/analyzers/security/test_base.py::test_security_analysis_result_rejects_error_message_on_success PASSED [ 19%]
tests/unit/analyzers/security/test_base.py::test_security_analysis_result_requires_assessment_on_success PASSED [ 19%]
tests/unit/analyzers/security/test_base.py::test_security_analysis_result_rejects_assessment_on_failure PASSED [ 19%]
tests/unit/analyzers/security/test_base.py::test_security_analysis_result_requires_error_message_on_failure PASSED [ 19%]
tests/unit/analyzers/security/test_base.py::test_require_successful_extraction_returns_a_successful_result_unchanged PASSED [ 20%]
tests/unit/analyzers/security/test_base.py::test_require_successful_extraction_rejects_a_failed_result PASSED [ 20%]
tests/unit/analyzers/security/test_base.py::test_security_indicator_is_frozen PASSED [ 20%]
tests/unit/analyzers/security/test_base.py::test_security_indicator_rejects_blank_subject PASSED [ 20%]
tests/unit/analyzers/security/test_base.py::test_security_indicator_rejects_blank_message PASSED [ 20%]
tests/unit/analyzers/security/test_base.py::test_security_assessment_is_frozen PASSED [ 20%]
tests/unit/analyzers/security/test_base.py::test_security_assessment_defaults PASSED [ 21%]
tests/unit/analyzers/security/test_base.py::test_security_assessment_rejects_negative_count PASSED [ 21%]
tests/unit/analyzers/security/test_base.py::test_security_assessment_rejects_unsorted_external_targets PASSED [ 21%]
tests/unit/analyzers/security/test_base.py::test_security_assessment_rejects_duplicate_external_targets PASSED [ 21%]
tests/unit/analyzers/security/test_base.py::test_security_assessment_carries_indicators PASSED [ 21%]
tests/unit/analyzers/tests/test_base.py::test_tests_analyzer_cannot_be_instantiated_directly PASSED [ 21%]
tests/unit/analyzers/tests/test_base.py::test_tests_analysis_result_ok_builds_a_successful_result PASSED [ 22%]
tests/unit/analyzers/tests/test_base.py::test_tests_analysis_result_failed_builds_a_failed_result PASSED [ 22%]
tests/unit/analyzers/tests/test_base.py::test_tests_analysis_result_rejects_error_message_on_success PASSED [ 22%]
tests/unit/analyzers/tests/test_base.py::test_tests_analysis_result_requires_evidence_on_success PASSED [ 22%]
tests/unit/analyzers/tests/test_base.py::test_tests_analysis_result_rejects_evidence_on_failure PASSED [ 22%]
tests/unit/analyzers/tests/test_base.py::test_tests_analysis_result_requires_error_message_on_failure PASSED [ 22%]
tests/unit/analyzers/tests/test_base.py::test_require_successful_extraction_returns_a_successful_result_unchanged PASSED [ 23%]
tests/unit/analyzers/tests/test_base.py::test_require_successful_extraction_rejects_a_failed_result PASSED [ 23%]
tests/unit/analyzers/tests/test_base.py::test_test_indicator_is_frozen PASSED [ 23%]
tests/unit/analyzers/tests/test_base.py::test_test_indicator_rejects_blank_subject_name PASSED [ 23%]
tests/unit/analyzers/tests/test_base.py::test_test_indicator_rejects_blank_message PASSED [ 23%]
tests/unit/analyzers/tests/test_base.py::test_test_evidence_is_frozen PASSED [ 23%]
tests/unit/analyzers/tests/test_base.py::test_test_evidence_defaults PASSED [ 24%]
tests/unit/analyzers/tests/test_base.py::test_test_evidence_rejects_negative_counts PASSED [ 24%]
tests/unit/analyzers/tests/test_base.py::test_is_test_file_recognizes_conventions[tests/unit/test_base.py-True] PASSED [ 24%]
tests/unit/analyzers/tests/test_base.py::test_is_test_file_recognizes_conventions[test/test_base.py-True] PASSED [ 24%]
tests/unit/analyzers/tests/test_base.py::test_is_test_file_recognizes_conventions[test_base.py-True] PASSED [ 24%]
tests/unit/analyzers/tests/test_base.py::test_is_test_file_recognizes_conventions[base_test.py-True] PASSED [ 25%]
tests/unit/analyzers/tests/test_base.py::test_is_test_file_recognizes_conventions[src/analyzers/architecture/base.py-False] PASSED [ 25%]
tests/unit/analyzers/tests/test_base.py::test_is_test_file_recognizes_conventions[src/testing_utils.py-False] PASSED [ 25%]
tests/unit/analyzers/tests/test_base.py::test_is_test_symbol_name_recognizes_conventions[test_something-function-True] PASSED [ 25%]
tests/unit/analyzers/tests/test_base.py::test_is_test_symbol_name_recognizes_conventions[test_something-method-True] PASSED [ 25%]
tests/unit/analyzers/tests/test_base.py::test_is_test_symbol_name_recognizes_conventions[something-function-False] PASSED [ 25%]
tests/unit/analyzers/tests/test_base.py::test_is_test_symbol_name_recognizes_conventions[TestSomething-class-True] PASSED [ 26%]
tests/unit/analyzers/tests/test_base.py::test_is_test_symbol_name_recognizes_conventions[Something-class-False] PASSED [ 26%]
tests/unit/analyzers/tests/test_base.py::test_is_test_symbol_name_recognizes_conventions[TEST_VALUE-constant-False] PASSED [ 26%]
tests/unit/collectors/test_base.py::test_collector_cannot_be_instantiated_directly PASSED [ 26%]
tests/unit/collectors/test_base.py::test_collection_result_ok_builds_a_successful_result PASSED [ 26%]
tests/unit/collectors/test_base.py::test_collection_result_ok_defaults_to_no_repositories PASSED [ 26%]
tests/unit/collectors/test_base.py::test_collection_result_failed_builds_a_failed_result PASSED [ 27%]
tests/unit/collectors/test_base.py::test_collection_result_rejects_error_message_on_success PASSED [ 27%]
tests/unit/collectors/test_base.py::test_collection_result_rejects_repositories_on_failure PASSED [ 27%]
tests/unit/collectors/test_base.py::test_collection_result_requires_error_message_on_failure PASSED [ 27%]
tests/unit/collectors/test_base.py::test_require_source_returns_a_non_blank_value_unchanged PASSED [ 27%]
tests/unit/collectors/test_base.py::test_require_source_rejects_blank_values[] PASSED [ 27%]
tests/unit/collectors/test_base.py::test_require_source_rejects_blank_values[   ] PASSED [ 28%]
tests/unit/collectors/test_base.py::test_require_source_rejects_blank_values[\t\n] PASSED [ 28%]
tests/unit/collectors/test_base.py::test_strip_git_suffix_removes_trailing_dot_git PASSED [ 28%]
tests/unit/collectors/test_base.py::test_strip_git_suffix_leaves_other_strings_unchanged PASSED [ 28%]
tests/unit/collectors/test_filesystem.py::test_provider_is_filesystem PASSED [ 28%]
tests/unit/collectors/test_filesystem.py::test_collect_describes_an_existing_directory PASSED [ 28%]
tests/unit/collectors/test_filesystem.py::test_collect_works_without_a_git_directory PASSED [ 29%]
tests/unit/collectors/test_filesystem.py::test_collect_fails_for_a_missing_path PASSED [ 29%]
tests/unit/collectors/test_filesystem.py::test_collect_fails_when_source_is_a_file PASSED [ 29%]
tests/unit/collectors/test_filesystem.py::test_collect_raises_for_a_blank_source PASSED [ 29%]
tests/unit/collectors/test_github.py::test_collect_recognizes_every_accepted_form[octocat/Hello-World] PASSED [ 29%]
tests/unit/collectors/test_github.py::test_collect_recognizes_every_accepted_form[https://github.com/octocat/Hello-World] PASSED [ 29%]
tests/unit/collectors/test_github.py::test_collect_recognizes_every_accepted_form[https://github.com/octocat/Hello-World/] PASSED [ 30%]
tests/unit/collectors/test_github.py::test_collect_recognizes_every_accepted_form[https://github.com/octocat/Hello-World.git] PASSED [ 30%]
tests/unit/collectors/test_github.py::test_collect_recognizes_every_accepted_form[git@github.com:octocat/Hello-World.git] PASSED [ 30%]
tests/unit/collectors/test_github.py::test_collect_fails_for_unrecognized_references[not a url] PASSED [ 30%]
tests/unit/collectors/test_github.py::test_collect_fails_for_unrecognized_references[https://gitlab.com/octocat/Hello-World] PASSED [ 30%]
tests/unit/collectors/test_github.py::test_collect_fails_for_unrecognized_references[octocat] PASSED [ 30%]
tests/unit/collectors/test_github.py::test_collect_fails_for_unrecognized_references[octocat/] PASSED [ 31%]
tests/unit/collectors/test_github.py::test_collect_fails_for_unrecognized_references[/Hello-World] PASSED [ 31%]
tests/unit/collectors/test_github.py::test_collect_fails_for_unrecognized_references[https://github.com/octocat] PASSED [ 31%]
tests/unit/collectors/test_github.py::test_collect_raises_for_a_blank_source PASSED [ 31%]
tests/unit/collectors/test_github.py::test_provider_is_github PASSED     [ 31%]
tests/unit/collectors/test_gitlab.py::test_collect_recognizes_every_accepted_form[group/project-https://gitlab.com/group/project.git-project] PASSED [ 31%]
tests/unit/collectors/test_gitlab.py::test_collect_recognizes_every_accepted_form[group/subgroup/project-https://gitlab.com/group/subgroup/project.git-project] PASSED [ 32%]
tests/unit/collectors/test_gitlab.py::test_collect_recognizes_every_accepted_form[https://gitlab.com/group/subgroup/project-https://gitlab.com/group/subgroup/project.git-project] PASSED [ 32%]
tests/unit/collectors/test_gitlab.py::test_collect_recognizes_every_accepted_form[https://gitlab.com/group/subgroup/project.git-https://gitlab.com/group/subgroup/project.git-project] PASSED [ 32%]
tests/unit/collectors/test_gitlab.py::test_collect_recognizes_every_accepted_form[git@gitlab.com:group/subgroup/project.git-https://gitlab.com/group/subgroup/project.git-project] PASSED [ 32%]
tests/unit/collectors/test_gitlab.py::test_collect_fails_for_unrecognized_references[not a url] PASSED [ 32%]
tests/unit/collectors/test_gitlab.py::test_collect_fails_for_unrecognized_references[just-one-segment] PASSED [ 32%]
tests/unit/collectors/test_gitlab.py::test_collect_fails_for_unrecognized_references[https://github.com/group/project] PASSED [ 33%]
tests/unit/collectors/test_gitlab.py::test_collect_raises_for_a_blank_source PASSED [ 33%]
tests/unit/collectors/test_gitlab.py::test_provider_is_gitlab PASSED     [ 33%]
tests/unit/collectors/test_local.py::test_provider_is_local PASSED       [ 33%]
tests/unit/collectors/test_local.py::test_collect_finds_a_top_level_repository PASSED [ 33%]
tests/unit/collectors/test_local.py::test_collect_finds_repositories_at_different_nesting_levels PASSED [ 33%]
tests/unit/collectors/test_local.py::test_collect_does_not_descend_into_a_discovered_repository PASSED [ 34%]
tests/unit/collectors/test_local.py::test_collect_skips_hidden_directories PASSED [ 34%]
tests/unit/collectors/test_local.py::test_collect_respects_max_depth PASSED [ 34%]
tests/unit/collectors/test_local.py::test_collect_finds_a_repository_sitting_exactly_at_max_depth PASSED [ 34%]
tests/unit/collectors/test_local.py::test_collect_succeeds_with_no_repositories_found PASSED [ 34%]
tests/unit/collectors/test_local.py::test_collect_fails_for_a_missing_root PASSED [ 34%]
tests/unit/collectors/test_local.py::test_collect_raises_for_a_blank_source PASSED [ 35%]
tests/unit/collectors/test_local.py::test_collect_results_are_sorted_by_source_uri PASSED [ 35%]
tests/unit/core/test_config.py::test_appconfig_is_directly_constructible_and_immutable PASSED [ 35%]
tests/unit/core/test_config.py::test_load_config_without_a_file_uses_defaults PASSED [ 35%]
tests/unit/core/test_config.py::test_load_config_reads_values_from_yaml PASSED [ 35%]
tests/unit/core/test_config.py::test_environment_variable_overrides_yaml_value PASSED [ 35%]
tests/unit/core/test_config.py::test_debug_flag_is_coerced_from_string_env_var PASSED [ 36%]
tests/unit/core/test_config.py::test_invalid_environment_raises_validation_error PASSED [ 36%]
tests/unit/core/test_config.py::test_explicit_null_yaml_values_fall_back_to_defaults PASSED [ 36%]
tests/unit/core/test_config.py::test_allowed_environments_are_all_accepted PASSED [ 36%]
tests/unit/core/test_config.py::test_raw_and_get_expose_the_full_merged_configuration PASSED [ 36%]
tests/unit/core/test_config.py::test_load_config_reads_the_shipped_default_file PASSED [ 36%]
tests/unit/core/test_constants.py::test_app_identity_constants_are_nonempty_strings PASSED [ 37%]
tests/unit/core/test_constants.py::test_env_prefix_is_uppercase_and_ends_with_underscore PASSED [ 37%]
tests/unit/core/test_constants.py::test_default_config_paths_are_relative_yaml_files PASSED [ 37%]
tests/unit/core/test_constants.py::test_allowed_environments_include_development_and_production PASSED [ 37%]
tests/unit/core/test_constants.py::test_default_log_level_is_a_standard_logging_level_name PASSED [ 37%]
tests/unit/core/test_constants.py::test_encoding_constant_is_utf8 PASSED [ 37%]
tests/unit/core/test_exceptions.py::test_vaos_error_str_returns_message PASSED [ 38%]
tests/unit/core/test_exceptions.py::test_vaos_error_carries_structured_details PASSED [ 38%]
tests/unit/core/test_exceptions.py::test_every_category_is_a_vaos_error[ConfigurationError] PASSED [ 38%]
tests/unit/core/test_exceptions.py::test_every_category_is_a_vaos_error[ValidationError] PASSED [ 38%]
tests/unit/core/test_exceptions.py::test_every_category_is_a_vaos_error[NotFoundError] PASSED [ 38%]
tests/unit/core/test_exceptions.py::test_categories_are_not_interchangeable PASSED [ 38%]
tests/unit/core/test_logging.py::test_get_logger_is_namespaced_under_vaos PASSED [ 39%]
tests/unit/core/test_logging.py::test_configure_logging_without_a_file_applies_default PASSED [ 39%]
tests/unit/core/test_logging.py::test_configure_logging_applies_a_valid_dictconfig_file PASSED [ 39%]
tests/unit/core/test_logging.py::test_configure_logging_creates_file_handler_directory PASSED [ 39%]
tests/unit/core/test_logging.py::test_configure_logging_invalid_schema_raises_configuration_error PASSED [ 39%]
tests/unit/core/test_logging.py::test_configure_logging_applies_level_override PASSED [ 39%]
tests/unit/core/test_logging.py::test_configure_logging_invalid_level_override_raises_configuration_error PASSED [ 40%]
tests/unit/core/test_logging.py::test_configure_logging_does_not_silently_disable_other_loggers PASSED [ 40%]
tests/unit/core/test_protocols.py::test_supports_close_structural_match PASSED [ 40%]
tests/unit/core/test_protocols.py::test_supports_async_close_structural_match PASSED [ 40%]
tests/unit/core/test_protocols.py::test_supports_health_check_structural_match PASSED [ 40%]
tests/unit/core/test_protocols.py::test_supports_lifecycle_structural_match PASSED [ 40%]
tests/unit/core/test_protocols.py::test_supports_lifecycle_requires_both_start_and_stop PASSED [ 41%]
tests/unit/core/test_utils.py::test_read_yaml_file_parses_existing_file PASSED [ 41%]
tests/unit/core/test_utils.py::test_read_yaml_file_missing_and_required_raises PASSED [ 41%]
tests/unit/core/test_utils.py::test_read_yaml_file_missing_and_optional_returns_empty PASSED [ 41%]
tests/unit/core/test_utils.py::test_read_yaml_file_empty_file_returns_empty PASSED [ 41%]
tests/unit/core/test_utils.py::test_read_yaml_file_malformed_raises_configuration_error PASSED [ 41%]
tests/unit/core/test_utils.py::test_read_yaml_file_non_mapping_top_level_raises PASSED [ 42%]
tests/unit/core/test_utils.py::test_read_yaml_file_directory_in_place_of_file_raises_configuration_error PASSED [ 42%]
tests/unit/core/test_utils.py::test_read_yaml_file_invalid_encoding_raises_configuration_error PASSED [ 42%]
tests/unit/core/test_utils.py::test_deep_merge_combines_nested_dictionaries PASSED [ 42%]
tests/unit/core/test_utils.py::test_deep_merge_does_not_mutate_inputs PASSED [ 42%]
tests/unit/core/test_utils.py::test_deep_merge_non_mapping_override_replaces_value PASSED [ 42%]
tests/unit/core/test_utils.py::test_ensure_directory_creates_nested_path PASSED [ 43%]
tests/unit/core/test_utils.py::test_ensure_directory_is_idempotent PASSED [ 43%]
tests/unit/domain/test_dtos.py::test_source_repository_dto_from_entity_matches_every_field PASSED [ 43%]
tests/unit/domain/test_dtos.py::test_source_repository_dto_metadata_is_a_copy_not_an_alias PASSED [ 43%]
tests/unit/domain/test_dtos.py::test_source_repository_dto_is_frozen PASSED [ 43%]
tests/unit/domain/test_dtos.py::test_source_file_dto_from_entity_matches_every_field PASSED [ 43%]
tests/unit/domain/test_dtos.py::test_analysis_run_dto_from_entity_includes_computed_duration PASSED [ 44%]
tests/unit/domain/test_dtos.py::test_analysis_run_dto_from_entity_before_completion PASSED [ 44%]
tests/unit/domain/test_dtos.py::test_finding_dto_from_entity_matches_every_field PASSED [ 44%]
tests/unit/domain/test_dtos.py::test_finding_dto_from_entity_with_no_source_file PASSED [ 44%]
tests/unit/domain/test_entities.py::test_entity_generates_a_unique_id_and_timestamps_by_default PASSED [ 44%]
tests/unit/domain/test_entities.py::test_entity_equality_is_identity_based PASSED [ 44%]
tests/unit/domain/test_entities.py::test_entity_is_not_equal_to_a_non_entity PASSED [ 45%]
tests/unit/domain/test_entities.py::test_entity_touch_refreshes_updated_at_without_changing_identity PASSED [ 45%]
tests/unit/domain/test_entities.py::test_source_repository_defaults PASSED [ 45%]
tests/unit/domain/test_entities.py::test_source_repository_rejects_blank_name PASSED [ 45%]
tests/unit/domain/test_entities.py::test_source_repository_rejects_blank_source_uri PASSED [ 45%]
tests/unit/domain/test_entities.py::test_source_repository_lifecycle_happy_path PASSED [ 45%]
tests/unit/domain/test_entities.py::test_source_repository_mark_collecting_requires_pending PASSED [ 46%]
tests/unit/domain/test_entities.py::test_source_repository_mark_ready_requires_collecting PASSED [ 46%]
tests/unit/domain/test_entities.py::test_source_repository_mark_failed_from_pending_or_collecting PASSED [ 46%]
tests/unit/domain/test_entities.py::test_source_repository_mark_failed_rejects_ready PASSED [ 46%]
tests/unit/domain/test_entities.py::test_source_file_defaults PASSED     [ 46%]
tests/unit/domain/test_entities.py::test_source_file_rejects_blank_relative_path PASSED [ 46%]
tests/unit/domain/test_entities.py::test_source_file_rejects_negative_size PASSED [ 47%]
tests/unit/domain/test_entities.py::test_analysis_run_defaults PASSED    [ 47%]
tests/unit/domain/test_entities.py::test_analysis_run_start_then_complete PASSED [ 47%]
tests/unit/domain/test_entities.py::test_analysis_run_start_requires_pending PASSED [ 47%]
tests/unit/domain/test_entities.py::test_analysis_run_complete_requires_running PASSED [ 47%]
tests/unit/domain/test_entities.py::test_analysis_run_fail_from_pending PASSED [ 47%]
tests/unit/domain/test_entities.py::test_analysis_run_fail_from_running PASSED [ 48%]
tests/unit/domain/test_entities.py::test_analysis_run_fail_requires_non_terminal_status PASSED [ 48%]
tests/unit/domain/test_entities.py::test_analysis_run_cancel_from_pending_or_running PASSED [ 48%]
tests/unit/domain/test_entities.py::test_analysis_run_cancel_requires_non_terminal_status PASSED [ 48%]
tests/unit/domain/test_entities.py::test_finding_defaults PASSED         [ 48%]
tests/unit/domain/test_entities.py::test_finding_rejects_blank_category PASSED [ 48%]
tests/unit/domain/test_entities.py::test_finding_rejects_blank_message PASSED [ 49%]
tests/unit/domain/test_entities.py::test_repository_provider_values_match_the_frozen_collectors_subpackages PASSED [ 49%]
tests/unit/domain/test_entities.py::test_source_language_values_match_the_frozen_parsers_subpackages PASSED [ 49%]
tests/unit/domain/test_entities.py::test_analysis_run_status_and_finding_severity_have_expected_members PASSED [ 49%]
tests/unit/domain/test_interfaces.py::test_repository_cannot_be_instantiated_directly PASSED [ 49%]
tests/unit/domain/test_interfaces.py::test_source_repository_store_cannot_be_instantiated_directly PASSED [ 50%]
tests/unit/domain/test_interfaces.py::test_source_file_repository_cannot_be_instantiated_directly PASSED [ 50%]
tests/unit/domain/test_interfaces.py::test_analysis_run_repository_cannot_be_instantiated_directly PASSED [ 50%]
tests/unit/domain/test_interfaces.py::test_finding_repository_cannot_be_instantiated_directly PASSED [ 50%]
tests/unit/domain/test_interfaces.py::test_in_memory_source_repository_store_round_trip PASSED [ 50%]
tests/unit/domain/test_interfaces.py::test_in_memory_store_get_and_lookup_of_missing_entity_returns_none PASSED [ 50%]
tests/unit/domain/test_interfaces.py::test_source_file_repository_extra_method_is_implementable PASSED [ 51%]
tests/unit/domain/test_interfaces.py::test_analysis_run_repository_extra_method_is_implementable PASSED [ 51%]
tests/unit/domain/test_interfaces.py::test_finding_repository_extra_method_is_implementable PASSED [ 51%]
tests/unit/extractors/architecture/test_base.py::test_architecture_extractor_cannot_be_instantiated_directly PASSED [ 51%]
tests/unit/extractors/architecture/test_base.py::test_architecture_extraction_result_ok_builds_a_successful_result PASSED [ 51%]
tests/unit/extractors/architecture/test_base.py::test_architecture_extraction_result_failed_builds_a_failed_result PASSED [ 51%]
tests/unit/extractors/architecture/test_base.py::test_architecture_extraction_result_rejects_error_message_on_success PASSED [ 52%]
tests/unit/extractors/architecture/test_base.py::test_architecture_extraction_result_requires_unit_on_success PASSED [ 52%]
tests/unit/extractors/architecture/test_base.py::test_architecture_extraction_result_rejects_unit_on_failure PASSED [ 52%]
tests/unit/extractors/architecture/test_base.py::test_architecture_extraction_result_requires_error_message_on_failure PASSED [ 52%]
tests/unit/extractors/architecture/test_base.py::test_require_successful_parse_returns_a_successful_result_unchanged PASSED [ 52%]
tests/unit/extractors/architecture/test_base.py::test_require_successful_parse_rejects_a_failed_result PASSED [ 52%]
tests/unit/extractors/architecture/test_base.py::test_is_package_root_marker_recognizes_init_py PASSED [ 53%]
tests/unit/extractors/architecture/test_base.py::test_is_package_root_marker_recognizes_a_bare_filename PASSED [ 53%]
tests/unit/extractors/architecture/test_base.py::test_is_package_root_marker_rejects_an_ordinary_file PASSED [ 53%]
tests/unit/extractors/architecture/test_base.py::test_package_unit_is_frozen PASSED [ 53%]
tests/unit/extractors/architecture/test_base.py::test_package_unit_defaults_to_no_declared_modules PASSED [ 53%]
tests/unit/extractors/architecture/test_base.py::test_package_unit_carries_declared_modules PASSED [ 53%]
tests/unit/extractors/ast/test_base.py::test_ast_extractor_cannot_be_instantiated_directly PASSED [ 54%]
tests/unit/extractors/ast/test_base.py::test_ast_metadata_defaults_every_count_to_zero PASSED [ 54%]
tests/unit/extractors/ast/test_base.py::test_ast_metadata_accepts_positive_counts PASSED [ 54%]
tests/unit/extractors/ast/test_base.py::test_ast_metadata_rejects_a_negative_count[class_count] PASSED [ 54%]
tests/unit/extractors/ast/test_base.py::test_ast_metadata_rejects_a_negative_count[function_count] PASSED [ 54%]
tests/unit/extractors/ast/test_base.py::test_ast_metadata_rejects_a_negative_count[method_count] PASSED [ 54%]
tests/unit/extractors/ast/test_base.py::test_ast_metadata_rejects_a_negative_count[import_count] PASSED [ 55%]
tests/unit/extractors/ast/test_base.py::test_ast_metadata_rejects_a_negative_count[export_count] PASSED [ 55%]
tests/unit/extractors/ast/test_base.py::test_ast_metadata_rejects_a_negative_count[symbol_count] PASSED [ 55%]
tests/unit/extractors/ast/test_base.py::test_ast_metadata_rejects_a_negative_count[module_count] PASSED [ 55%]
tests/unit/extractors/ast/test_base.py::test_ast_metadata_rejects_a_negative_count[async_function_count] PASSED [ 55%]
tests/unit/extractors/ast/test_base.py::test_ast_metadata_rejects_a_negative_count[documented_class_count] PASSED [ 55%]
tests/unit/extractors/ast/test_base.py::test_ast_metadata_rejects_a_negative_count[documented_function_count] PASSED [ 56%]
tests/unit/extractors/ast/test_base.py::test_ast_metadata_rejects_a_negative_count[line_count] PASSED [ 56%]
tests/unit/extractors/ast/test_base.py::test_ast_extraction_result_ok_builds_a_successful_result PASSED [ 56%]
tests/unit/extractors/ast/test_base.py::test_ast_extraction_result_failed_builds_a_failed_result PASSED [ 56%]
tests/unit/extractors/ast/test_base.py::test_ast_extraction_result_rejects_error_message_on_success PASSED [ 56%]
tests/unit/extractors/ast/test_base.py::test_ast_extraction_result_requires_metadata_on_success PASSED [ 56%]
tests/unit/extractors/ast/test_base.py::test_ast_extraction_result_rejects_metadata_on_failure PASSED [ 57%]
tests/unit/extractors/ast/test_base.py::test_ast_extraction_result_requires_error_message_on_failure PASSED [ 57%]
tests/unit/extractors/ast/test_base.py::test_require_successful_parse_returns_a_successful_result_unchanged PASSED [ 57%]
tests/unit/extractors/ast/test_base.py::test_require_successful_parse_rejects_a_failed_result PASSED [ 57%]
tests/unit/extractors/ast/test_base.py::test_ast_metadata_is_frozen PASSED [ 57%]
tests/unit/extractors/foundation/test_base.py::test_foundation_extractor_cannot_be_instantiated_directly PASSED [ 57%]
tests/unit/extractors/foundation/test_base.py::test_foundation_extraction_result_ok_builds_a_successful_result PASSED [ 58%]
tests/unit/extractors/foundation/test_base.py::test_foundation_extraction_result_ok_defaults_to_no_candidates PASSED [ 58%]
tests/unit/extractors/foundation/test_base.py::test_foundation_extraction_result_failed_builds_a_failed_result PASSED [ 58%]
tests/unit/extractors/foundation/test_base.py::test_foundation_extraction_result_rejects_error_message_on_success PASSED [ 58%]
tests/unit/extractors/foundation/test_base.py::test_foundation_extraction_result_rejects_candidates_on_failure PASSED [ 58%]
tests/unit/extractors/foundation/test_base.py::test_foundation_extraction_result_requires_error_message_on_failure PASSED [ 58%]
tests/unit/extractors/foundation/test_base.py::test_require_successful_parse_returns_a_successful_result_unchanged PASSED [ 59%]
tests/unit/extractors/foundation/test_base.py::test_require_successful_parse_rejects_a_failed_result PASSED [ 59%]
tests/unit/extractors/foundation/test_base.py::test_foundation_candidate_is_frozen PASSED [ 59%]
tests/unit/extractors/foundation/test_base.py::test_foundation_candidate_defaults PASSED [ 59%]
tests/unit/extractors/foundation/test_base.py::test_foundation_candidate_carries_signals PASSED [ 59%]
tests/unit/extractors/imports/test_base.py::test_import_extractor_cannot_be_instantiated_directly PASSED [ 59%]
tests/unit/extractors/imports/test_base.py::test_import_extraction_result_ok_builds_a_successful_result PASSED [ 60%]
tests/unit/extractors/imports/test_base.py::test_import_extraction_result_ok_defaults_to_no_edges PASSED [ 60%]
tests/unit/extractors/imports/test_base.py::test_import_extraction_result_failed_builds_a_failed_result PASSED [ 60%]
tests/unit/extractors/imports/test_base.py::test_import_extraction_result_rejects_error_message_on_success PASSED [ 60%]
tests/unit/extractors/imports/test_base.py::test_import_extraction_result_rejects_edges_on_failure PASSED [ 60%]
tests/unit/extractors/imports/test_base.py::test_import_extraction_result_requires_error_message_on_failure PASSED [ 60%]
tests/unit/extractors/imports/test_base.py::test_require_successful_parse_returns_a_successful_result_unchanged PASSED [ 61%]
tests/unit/extractors/imports/test_base.py::test_require_successful_parse_rejects_a_failed_result PASSED [ 61%]
tests/unit/extractors/imports/test_base.py::test_dependency_edge_is_frozen PASSED [ 61%]
tests/unit/extractors/imports/test_base.py::test_dependency_edge_defaults PASSED [ 61%]
tests/unit/extractors/imports/test_base.py::test_dependency_edge_carries_full_import_details PASSED [ 61%]
tests/unit/extractors/interfaces/test_base.py::test_interface_extractor_cannot_be_instantiated_directly PASSED [ 61%]
tests/unit/extractors/interfaces/test_base.py::test_interface_extraction_result_ok_builds_a_successful_result PASSED [ 62%]
tests/unit/extractors/interfaces/test_base.py::test_interface_extraction_result_ok_defaults_to_no_interfaces PASSED [ 62%]
tests/unit/extractors/interfaces/test_base.py::test_interface_extraction_result_failed_builds_a_failed_result PASSED [ 62%]
tests/unit/extractors/interfaces/test_base.py::test_interface_extraction_result_rejects_error_message_on_success PASSED [ 62%]
tests/unit/extractors/interfaces/test_base.py::test_interface_extraction_result_rejects_interfaces_on_failure PASSED [ 62%]
tests/unit/extractors/interfaces/test_base.py::test_interface_extraction_result_requires_error_message_on_failure PASSED [ 62%]
tests/unit/extractors/interfaces/test_base.py::test_require_successful_parse_returns_a_successful_result_unchanged PASSED [ 63%]
tests/unit/extractors/interfaces/test_base.py::test_require_successful_parse_rejects_a_failed_result PASSED [ 63%]
tests/unit/extractors/interfaces/test_base.py::test_extracted_interface_is_frozen PASSED [ 63%]
tests/unit/extractors/interfaces/test_base.py::test_extracted_interface_defaults PASSED [ 63%]
tests/unit/extractors/interfaces/test_base.py::test_interface_origin_members_round_trip[language_interface] PASSED [ 63%]
tests/unit/extractors/interfaces/test_base.py::test_interface_origin_members_round_trip[trait] PASSED [ 63%]
tests/unit/extractors/interfaces/test_base.py::test_interface_origin_members_round_trip[abstract_class] PASSED [ 64%]
tests/unit/extractors/patterns/test_base.py::test_pattern_extractor_cannot_be_instantiated_directly PASSED [ 64%]
tests/unit/extractors/patterns/test_base.py::test_pattern_extraction_result_ok_builds_a_successful_result PASSED [ 64%]
tests/unit/extractors/patterns/test_base.py::test_pattern_extraction_result_ok_defaults_to_no_patterns PASSED [ 64%]
tests/unit/extractors/patterns/test_base.py::test_pattern_extraction_result_failed_builds_a_failed_result PASSED [ 64%]
tests/unit/extractors/patterns/test_base.py::test_pattern_extraction_result_rejects_error_message_on_success PASSED [ 64%]
tests/unit/extractors/patterns/test_base.py::test_pattern_extraction_result_rejects_patterns_on_failure PASSED [ 65%]
tests/unit/extractors/patterns/test_base.py::test_pattern_extraction_result_requires_error_message_on_failure PASSED [ 65%]
tests/unit/extractors/patterns/test_base.py::test_require_successful_parse_returns_a_successful_result_unchanged PASSED [ 65%]
tests/unit/extractors/patterns/test_base.py::test_require_successful_parse_rejects_a_failed_result PASSED [ 65%]
tests/unit/extractors/patterns/test_base.py::test_extracted_pattern_is_frozen PASSED [ 65%]
tests/unit/extractors/patterns/test_base.py::test_extracted_pattern_defaults PASSED [ 65%]
tests/unit/extractors/patterns/test_base.py::test_extracted_pattern_carries_evidence PASSED [ 66%]
tests/unit/extractors/symbols/test_base.py::test_symbol_extractor_cannot_be_instantiated_directly PASSED [ 66%]
tests/unit/extractors/symbols/test_base.py::test_symbol_extraction_result_ok_builds_a_successful_result PASSED [ 66%]
tests/unit/extractors/symbols/test_base.py::test_symbol_extraction_result_ok_defaults_to_no_symbols PASSED [ 66%]
tests/unit/extractors/symbols/test_base.py::test_symbol_extraction_result_failed_builds_a_failed_result PASSED [ 66%]
tests/unit/extractors/symbols/test_base.py::test_symbol_extraction_result_rejects_error_message_on_success PASSED [ 66%]
tests/unit/extractors/symbols/test_base.py::test_symbol_extraction_result_rejects_symbols_on_failure PASSED [ 67%]
tests/unit/extractors/symbols/test_base.py::test_symbol_extraction_result_requires_error_message_on_failure PASSED [ 67%]
tests/unit/extractors/symbols/test_base.py::test_require_successful_parse_returns_a_successful_result_unchanged PASSED [ 67%]
tests/unit/extractors/symbols/test_base.py::test_require_successful_parse_rejects_a_failed_result PASSED [ 67%]
tests/unit/extractors/symbols/test_base.py::test_build_qualified_name_without_owner PASSED [ 67%]
tests/unit/extractors/symbols/test_base.py::test_build_qualified_name_with_owner PASSED [ 67%]
tests/unit/extractors/symbols/test_base.py::test_extracted_symbol_is_frozen PASSED [ 68%]
tests/unit/parsers/cpp/test_parser.py::test_language_is_cpp PASSED       [ 68%]
tests/unit/parsers/cpp/test_parser.py::test_supports_accepts_cpp_extensions[main.cpp] PASSED [ 68%]
tests/unit/parsers/cpp/test_parser.py::test_supports_accepts_cpp_extensions[widget.hpp] PASSED [ 68%]
tests/unit/parsers/cpp/test_parser.py::test_supports_accepts_cpp_extensions[a.cc] PASSED [ 68%]
tests/unit/parsers/cpp/test_parser.py::test_supports_accepts_cpp_extensions[a.cxx] PASSED [ 68%]
tests/unit/parsers/cpp/test_parser.py::test_supports_accepts_cpp_extensions[a.hh] PASSED [ 69%]
tests/unit/parsers/cpp/test_parser.py::test_supports_accepts_cpp_extensions[a.h] PASSED [ 69%]
tests/unit/parsers/cpp/test_parser.py::test_supports_rejects_non_cpp_extensions[main.py] PASSED [ 69%]
tests/unit/parsers/cpp/test_parser.py::test_supports_rejects_non_cpp_extensions[main.rs] PASSED [ 69%]
tests/unit/parsers/cpp/test_parser.py::test_parse_rejects_a_blank_relative_path PASSED [ 69%]
tests/unit/parsers/cpp/test_parser.py::test_parse_succeeds_on_empty_content PASSED [ 69%]
tests/unit/parsers/cpp/test_parser.py::test_parse_extracts_angle_include_as_non_relative PASSED [ 70%]
tests/unit/parsers/cpp/test_parser.py::test_parse_extracts_quoted_include_as_relative PASSED [ 70%]
tests/unit/parsers/cpp/test_parser.py::test_parse_extracts_a_namespace_as_a_module PASSED [ 70%]
tests/unit/parsers/cpp/test_parser.py::test_parse_extracts_a_class_with_base_list PASSED [ 70%]
tests/unit/parsers/cpp/test_parser.py::test_parse_extracts_a_struct_as_a_class PASSED [ 70%]
tests/unit/parsers/cpp/test_parser.py::test_parse_extracts_in_class_methods PASSED [ 70%]
tests/unit/parsers/cpp/test_parser.py::test_parse_extracts_a_destructor PASSED [ 71%]
tests/unit/parsers/cpp/test_parser.py::test_parse_does_not_mistake_a_nested_call_for_a_sibling_method PASSED [ 71%]
tests/unit/parsers/cpp/test_parser.py::test_parse_extracts_a_free_function PASSED [ 71%]
tests/unit/parsers/cpp/test_parser.py::test_parse_does_not_mistake_a_constructor_call_statement_for_a_free_function PASSED [ 71%]
tests/unit/parsers/cpp/test_parser.py::test_parse_does_not_mistake_a_return_call_statement_for_a_free_function PASSED [ 71%]
tests/unit/parsers/cpp/test_parser.py::test_parse_extracts_enum_and_using_alias_as_symbols PASSED [ 71%]
tests/unit/parsers/cpp/test_parser.py::test_parse_extracts_typedef_as_a_type_alias PASSED [ 72%]
tests/unit/parsers/cpp/test_parser.py::test_parse_exports_only_export_keyword_declarations PASSED [ 72%]
tests/unit/parsers/cpp/test_parser.py::test_parse_reports_no_exports_for_ordinary_cpp PASSED [ 72%]
tests/unit/parsers/cpp/test_parser.py::test_parse_reports_file_metadata PASSED [ 72%]
tests/unit/parsers/go/test_parser.py::test_language_is_go PASSED         [ 72%]
tests/unit/parsers/go/test_parser.py::test_supports_accepts_go_extension[main.go] PASSED [ 72%]
tests/unit/parsers/go/test_parser.py::test_supports_accepts_go_extension[pkg/util.go] PASSED [ 73%]
tests/unit/parsers/go/test_parser.py::test_supports_accepts_go_extension[Main.GO] PASSED [ 73%]
tests/unit/parsers/go/test_parser.py::test_supports_rejects_non_go_extensions[main.txt] PASSED [ 73%]
tests/unit/parsers/go/test_parser.py::test_supports_rejects_non_go_extensions[main.py] PASSED [ 73%]
tests/unit/parsers/go/test_parser.py::test_parse_rejects_a_blank_relative_path PASSED [ 73%]
tests/unit/parsers/go/test_parser.py::test_parse_succeeds_on_empty_content PASSED [ 73%]
tests/unit/parsers/go/test_parser.py::test_parse_extracts_the_package_clause_as_a_module PASSED [ 74%]
tests/unit/parsers/go/test_parser.py::test_parse_extracts_grouped_imports_with_alias_and_blank PASSED [ 74%]
tests/unit/parsers/go/test_parser.py::test_parse_extracts_a_single_line_import PASSED [ 74%]
tests/unit/parsers/go/test_parser.py::test_parse_extracts_a_struct_as_a_class PASSED [ 74%]
tests/unit/parsers/go/test_parser.py::test_parse_attaches_methods_to_their_receiver_struct PASSED [ 74%]
tests/unit/parsers/go/test_parser.py::test_parse_extracts_a_free_function_with_parameters_and_return PASSED [ 75%]
tests/unit/parsers/go/test_parser.py::test_parse_handles_a_function_typed_parameter PASSED [ 75%]
tests/unit/parsers/go/test_parser.py::test_parse_classifies_const_and_var_correctly PASSED [ 75%]
tests/unit/parsers/go/test_parser.py::test_parse_extracts_grouped_const_block_entries PASSED [ 75%]
tests/unit/parsers/go/test_parser.py::test_parse_exports_only_capitalized_top_level_names PASSED [ 75%]
tests/unit/parsers/go/test_parser.py::test_parse_extracts_an_interface_as_a_symbol_not_a_class PASSED [ 75%]
tests/unit/parsers/go/test_parser.py::test_parse_reports_file_metadata PASSED [ 76%]
tests/unit/parsers/python/test_parser.py::test_language_is_python PASSED [ 76%]
tests/unit/parsers/python/test_parser.py::test_supports_accepts_python_extensions[main.py] PASSED [ 76%]
tests/unit/parsers/python/test_parser.py::test_supports_accepts_python_extensions[package/__init__.py] PASSED [ 76%]
tests/unit/parsers/python/test_parser.py::test_supports_accepts_python_extensions[stub.pyi] PASSED [ 76%]
tests/unit/parsers/python/test_parser.py::test_supports_accepts_python_extensions[Main.PY] PASSED [ 76%]
tests/unit/parsers/python/test_parser.py::test_supports_rejects_non_python_extensions[main.txt] PASSED [ 77%]
tests/unit/parsers/python/test_parser.py::test_supports_rejects_non_python_extensions[main.js] PASSED [ 77%]
tests/unit/parsers/python/test_parser.py::test_supports_rejects_non_python_extensions[main] PASSED [ 77%]
tests/unit/parsers/python/test_parser.py::test_parse_rejects_a_blank_relative_path PASSED [ 77%]
tests/unit/parsers/python/test_parser.py::test_parse_reports_failure_for_a_syntax_error PASSED [ 77%]
tests/unit/parsers/python/test_parser.py::test_parse_succeeds_on_empty_content PASSED [ 77%]
tests/unit/parsers/python/test_parser.py::test_parse_never_produces_modules PASSED [ 78%]
tests/unit/parsers/python/test_parser.py::test_parse_extracts_plain_imports_with_alias PASSED [ 78%]
tests/unit/parsers/python/test_parser.py::test_parse_extracts_from_imports_with_multiple_names PASSED [ 78%]
tests/unit/parsers/python/test_parser.py::test_parse_marks_relative_imports PASSED [ 78%]
tests/unit/parsers/python/test_parser.py::test_parse_finds_imports_nested_inside_a_function PASSED [ 78%]
tests/unit/parsers/python/test_parser.py::test_parse_extracts_all_as_exports PASSED [ 78%]
tests/unit/parsers/python/test_parser.py::test_parse_reports_no_exports_without_all PASSED [ 79%]
tests/unit/parsers/python/test_parser.py::test_parse_extracts_a_class_with_bases_and_docstring PASSED [ 79%]
tests/unit/parsers/python/test_parser.py::test_parse_extracts_module_level_functions_only PASSED [ 79%]
tests/unit/parsers/python/test_parser.py::test_parse_extracts_function_parameters_with_types_and_defaults PASSED [ 79%]
tests/unit/parsers/python/test_parser.py::test_parse_marks_async_functions PASSED [ 79%]
tests/unit/parsers/python/test_parser.py::test_parse_captures_function_docstring_and_decorators PASSED [ 79%]
tests/unit/parsers/python/test_parser.py::test_parse_builds_symbols_from_classes_methods_and_functions PASSED [ 80%]
tests/unit/parsers/python/test_parser.py::test_parse_reports_file_metadata PASSED [ 80%]
tests/unit/parsers/rust/test_parser.py::test_language_is_rust PASSED     [ 80%]
tests/unit/parsers/rust/test_parser.py::test_supports_accepts_rust_extension[main.rs] PASSED [ 80%]
tests/unit/parsers/rust/test_parser.py::test_supports_accepts_rust_extension[src/lib.rs] PASSED [ 80%]
tests/unit/parsers/rust/test_parser.py::test_supports_accepts_rust_extension[Main.RS] PASSED [ 80%]
tests/unit/parsers/rust/test_parser.py::test_supports_rejects_non_rust_extensions[main.txt] PASSED [ 81%]
tests/unit/parsers/rust/test_parser.py::test_supports_rejects_non_rust_extensions[main.go] PASSED [ 81%]
tests/unit/parsers/rust/test_parser.py::test_parse_rejects_a_blank_relative_path PASSED [ 81%]
tests/unit/parsers/rust/test_parser.py::test_parse_succeeds_on_empty_content PASSED [ 81%]
tests/unit/parsers/rust/test_parser.py::test_parse_extracts_a_mod_declaration PASSED [ 81%]
tests/unit/parsers/rust/test_parser.py::test_parse_extracts_a_simple_use_statement PASSED [ 81%]
tests/unit/parsers/rust/test_parser.py::test_parse_extracts_a_grouped_use_statement PASSED [ 82%]
tests/unit/parsers/rust/test_parser.py::test_parse_extracts_use_alias PASSED [ 82%]
tests/unit/parsers/rust/test_parser.py::test_parse_marks_crate_self_super_paths_as_relative PASSED [ 82%]
tests/unit/parsers/rust/test_parser.py::test_parse_extracts_a_struct_with_docstring PASSED [ 82%]
tests/unit/parsers/rust/test_parser.py::test_parse_attaches_inherent_impl_methods_to_their_struct PASSED [ 82%]
tests/unit/parsers/rust/test_parser.py::test_parse_records_trait_impl_as_a_base_class PASSED [ 82%]
tests/unit/parsers/rust/test_parser.py::test_parse_treats_a_signature_only_trait_method_as_a_method_not_a_function PASSED [ 83%]
tests/unit/parsers/rust/test_parser.py::test_parse_extracts_a_free_function_with_parameters_and_return_type PASSED [ 83%]
tests/unit/parsers/rust/test_parser.py::test_parse_marks_async_functions PASSED [ 83%]
tests/unit/parsers/rust/test_parser.py::test_parse_does_not_count_a_free_function_inside_a_plain_mod_block_as_a_method PASSED [ 83%]
tests/unit/parsers/rust/test_parser.py::test_parse_exports_only_pub_declarations PASSED [ 83%]
tests/unit/parsers/rust/test_parser.py::test_parse_extracts_enum_and_type_alias_as_symbols PASSED [ 83%]
tests/unit/parsers/rust/test_parser.py::test_parse_reports_file_metadata PASSED [ 84%]
tests/unit/parsers/test_base.py::test_parser_cannot_be_instantiated_directly PASSED [ 84%]
tests/unit/parsers/test_base.py::test_parse_result_ok_builds_a_successful_result PASSED [ 84%]
tests/unit/parsers/test_base.py::test_parse_result_ok_defaults_to_no_constructs PASSED [ 84%]
tests/unit/parsers/test_base.py::test_parse_result_failed_builds_a_failed_result PASSED [ 84%]
tests/unit/parsers/test_base.py::test_parse_result_rejects_error_message_on_success PASSED [ 84%]
tests/unit/parsers/test_base.py::test_parse_result_requires_metadata_on_success PASSED [ 85%]
tests/unit/parsers/test_base.py::test_parse_result_rejects_metadata_on_failure PASSED [ 85%]
tests/unit/parsers/test_base.py::test_parse_result_rejects_parsed_content_on_failure PASSED [ 85%]
tests/unit/parsers/test_base.py::test_parse_result_requires_error_message_on_failure PASSED [ 85%]
tests/unit/parsers/test_base.py::test_require_relative_path_returns_a_non_blank_value_unchanged PASSED [ 85%]
tests/unit/parsers/test_base.py::test_require_relative_path_rejects_blank_values[] PASSED [ 85%]
tests/unit/parsers/test_base.py::test_require_relative_path_rejects_blank_values[   ] PASSED [ 86%]
tests/unit/parsers/test_base.py::test_require_relative_path_rejects_blank_values[\t\n] PASSED [ 86%]
tests/unit/parsers/test_base.py::test_has_extension_matches_case_insensitively PASSED [ 86%]
tests/unit/parsers/test_base.py::test_has_extension_rejects_a_non_matching_path PASSED [ 86%]
tests/unit/parsers/test_base.py::test_compute_content_hash_is_deterministic PASSED [ 86%]
tests/unit/parsers/test_base.py::test_compute_content_hash_differs_for_different_content PASSED [ 86%]
tests/unit/parsers/test_base.py::test_build_file_metadata_computes_size_lines_and_hash PASSED [ 87%]
tests/unit/parsers/test_base.py::test_build_file_metadata_handles_empty_content PASSED [ 87%]
tests/unit/parsers/test_base.py::test_line_number_at_returns_one_for_the_first_line PASSED [ 87%]
tests/unit/parsers/test_base.py::test_line_number_at_counts_preceding_newlines PASSED [ 87%]
tests/unit/parsers/test_base.py::test_find_matching_brace_finds_the_closing_brace PASSED [ 87%]
tests/unit/parsers/test_base.py::test_find_matching_brace_handles_nesting PASSED [ 87%]
tests/unit/parsers/test_base.py::test_find_matching_brace_returns_length_when_unclosed PASSED [ 88%]
tests/unit/parsers/test_base.py::test_find_matching_paren_finds_the_closing_paren PASSED [ 88%]
tests/unit/parsers/test_base.py::test_find_matching_paren_handles_nested_parens PASSED [ 88%]
tests/unit/parsers/test_base.py::test_split_top_level_splits_on_plain_commas PASSED [ 88%]
tests/unit/parsers/test_base.py::test_split_top_level_ignores_commas_nested_in_brackets PASSED [ 88%]
tests/unit/parsers/test_base.py::test_split_top_level_drops_empty_segments PASSED [ 88%]
tests/unit/parsers/test_base.py::test_strip_c_style_comments_blanks_line_comments PASSED [ 89%]
tests/unit/parsers/test_base.py::test_strip_c_style_comments_blanks_block_comments PASSED [ 89%]
tests/unit/parsers/test_base.py::test_strip_c_style_comments_preserves_non_comment_code PASSED [ 89%]
tests/unit/parsers/test_base.py::test_leading_comment_lines_collects_consecutive_prefixed_lines PASSED [ 89%]
tests/unit/parsers/test_base.py::test_leading_comment_lines_returns_none_when_no_comment_precedes PASSED [ 89%]
tests/unit/parsers/test_base.py::test_leading_comment_lines_stops_at_a_non_matching_line PASSED [ 89%]
tests/unit/parsers/test_base.py::test_is_top_level_of_span_true_at_zero_depth PASSED [ 90%]
tests/unit/parsers/test_base.py::test_is_top_level_of_span_false_when_nested PASSED [ 90%]
tests/unit/parsers/test_base.py::test_parsed_construct_dtos_are_frozen[dto0] PASSED [ 90%]
tests/unit/parsers/test_base.py::test_parsed_construct_dtos_are_frozen[dto1] PASSED [ 90%]
tests/unit/parsers/test_base.py::test_parsed_construct_dtos_are_frozen[dto2] PASSED [ 90%]
tests/unit/parsers/test_base.py::test_parsed_construct_dtos_are_frozen[dto3] PASSED [ 90%]
tests/unit/parsers/test_base.py::test_parsed_construct_dtos_are_frozen[dto4] PASSED [ 91%]
tests/unit/parsers/test_base.py::test_parsed_construct_dtos_are_frozen[dto5] PASSED [ 91%]
tests/unit/parsers/typescript/test_parser.py::test_language_is_typescript PASSED [ 91%]
tests/unit/parsers/typescript/test_parser.py::test_supports_accepts_typescript_extensions[main.ts] PASSED [ 91%]
tests/unit/parsers/typescript/test_parser.py::test_supports_accepts_typescript_extensions[component.tsx] PASSED [ 91%]
tests/unit/parsers/typescript/test_parser.py::test_supports_accepts_typescript_extensions[Main.TS] PASSED [ 91%]
tests/unit/parsers/typescript/test_parser.py::test_supports_rejects_non_typescript_extensions[main.js] PASSED [ 92%]
tests/unit/parsers/typescript/test_parser.py::test_supports_rejects_non_typescript_extensions[main.py] PASSED [ 92%]
tests/unit/parsers/typescript/test_parser.py::test_parse_rejects_a_blank_relative_path PASSED [ 92%]
tests/unit/parsers/typescript/test_parser.py::test_parse_succeeds_on_empty_content PASSED [ 92%]
tests/unit/parsers/typescript/test_parser.py::test_parse_extracts_a_default_import PASSED [ 92%]
tests/unit/parsers/typescript/test_parser.py::test_parse_extracts_named_imports_with_aliases PASSED [ 92%]
tests/unit/parsers/typescript/test_parser.py::test_parse_extracts_a_namespace_import PASSED [ 93%]
tests/unit/parsers/typescript/test_parser.py::test_parse_extracts_a_side_effect_only_import PASSED [ 93%]
tests/unit/parsers/typescript/test_parser.py::test_parse_extracts_a_class_with_extends_and_implements PASSED [ 93%]
tests/unit/parsers/typescript/test_parser.py::test_parse_extracts_class_methods_with_return_types PASSED [ 93%]
tests/unit/parsers/typescript/test_parser.py::test_parse_does_not_mistake_a_call_statement_for_a_sibling_method PASSED [ 93%]
tests/unit/parsers/typescript/test_parser.py::test_parse_extracts_jsdoc_as_class_docstring PASSED [ 93%]
tests/unit/parsers/typescript/test_parser.py::test_parse_extracts_a_top_level_function_declaration PASSED [ 94%]
tests/unit/parsers/typescript/test_parser.py::test_parse_extracts_an_arrow_function_assigned_to_const PASSED [ 94%]
tests/unit/parsers/typescript/test_parser.py::test_parse_does_not_treat_a_plain_call_assignment_as_a_function PASSED [ 94%]
tests/unit/parsers/typescript/test_parser.py::test_parse_exports_a_function_marked_export PASSED [ 94%]
tests/unit/parsers/typescript/test_parser.py::test_parse_extracts_export_brace_list_using_the_alias PASSED [ 94%]
tests/unit/parsers/typescript/test_parser.py::test_parse_extracts_export_star PASSED [ 94%]
tests/unit/parsers/typescript/test_parser.py::test_parse_reports_anonymous_default_export PASSED [ 95%]
tests/unit/parsers/typescript/test_parser.py::test_parse_extracts_interface_as_a_symbol_not_a_class PASSED [ 95%]
tests/unit/parsers/typescript/test_parser.py::test_parse_extracts_a_namespace_as_a_module PASSED [ 95%]
tests/unit/parsers/typescript/test_parser.py::test_parse_reports_file_metadata PASSED [ 95%]
tests/unit/repository/test_base.py::test_repository_client_cannot_be_instantiated_directly PASSED [ 95%]
tests/unit/repository/test_base.py::test_workspace_manager_cannot_be_instantiated_directly PASSED [ 95%]
tests/unit/repository/test_base.py::test_git_command_error_is_a_vaos_error PASSED [ 96%]
tests/unit/repository/test_git.py::test_clone_creates_a_working_copy PASSED [ 96%]
tests/unit/repository/test_git.py::test_clone_is_shallow_by_default PASSED [ 96%]
tests/unit/repository/test_git.py::test_clone_full_history_when_not_shallow PASSED [ 96%]
tests/unit/repository/test_git.py::test_clone_invalid_source_raises_git_command_error PASSED [ 96%]
tests/unit/repository/test_git.py::test_current_commit_returns_the_full_sha PASSED [ 96%]
tests/unit/repository/test_git.py::test_default_branch_matches_the_origin PASSED [ 97%]
tests/unit/repository/test_git.py::test_checkout_switches_to_a_fetched_branch PASSED [ 97%]
tests/unit/repository/test_git.py::test_checkout_unknown_ref_raises_git_command_error PASSED [ 97%]
tests/unit/repository/test_git.py::test_fetch_succeeds_against_an_existing_clone PASSED [ 97%]
tests/unit/repository/test_git.py::test_fetch_on_a_non_git_directory_raises_git_command_error PASSED [ 97%]
tests/unit/repository/test_git.py::test_missing_executable_raises_git_command_error PASSED [ 97%]
tests/unit/repository/test_git.py::test_timeout_kills_the_process_and_raises_git_command_error PASSED [ 98%]
tests/unit/repository/test_workspace.py::test_constructor_creates_root_if_missing PASSED [ 98%]
tests/unit/repository/test_workspace.py::test_constructor_is_fine_with_an_already_existing_root PASSED [ 98%]
tests/unit/repository/test_workspace.py::test_allocate_creates_a_new_directory PASSED [ 98%]
tests/unit/repository/test_workspace.py::test_allocate_is_idempotent PASSED [ 98%]
tests/unit/repository/test_workspace.py::test_allocate_gives_different_repositories_different_paths PASSED [ 98%]
tests/unit/repository/test_workspace.py::test_resolve_returns_none_before_allocation PASSED [ 99%]
tests/unit/repository/test_workspace.py::test_resolve_returns_the_path_after_allocation PASSED [ 99%]
tests/unit/repository/test_workspace.py::test_exists_reflects_allocation_state PASSED [ 99%]
tests/unit/repository/test_workspace.py::test_remove_deletes_an_allocated_workspace PASSED [ 99%]
tests/unit/repository/test_workspace.py::test_remove_on_a_never_allocated_repository_is_a_silent_no_op PASSED [ 99%]
tests/unit/repository/test_workspace.py::test_remove_does_not_affect_other_workspaces PASSED [100%]

============================= 596 passed in 0.95s ==============================
