============================= test session starts ==============================
platform linux -- Python 3.12.3, pytest-9.1.1, pluggy-1.6.0 -- /usr/bin/python3
cachedir: .pytest_cache
rootdir: /home/claude/work/VAOS-Core
configfile: pyproject.toml
plugins: asyncio-1.4.0
asyncio: mode=Mode.STRICT, debug=False, asyncio_default_fixture_loop_scope=None, asyncio_default_test_loop_scope=function
collecting ... collected 129 items

tests/unit/foundation/comparer/test_base.py::test_foundation_subject_subject_id_combines_repository_and_qualified_name PASSED [  0%]
tests/unit/foundation/comparer/test_base.py::test_foundation_subject_is_frozen PASSED [  1%]
tests/unit/foundation/comparer/test_base.py::test_foundation_subject_same_candidate_different_repository_differs PASSED [  2%]
tests/unit/foundation/comparer/test_base.py::test_require_successful_foundation_extractions_returns_results_unchanged PASSED [  3%]
tests/unit/foundation/comparer/test_base.py::test_require_successful_foundation_extractions_rejects_any_failed_result PASSED [  3%]
tests/unit/foundation/comparer/test_base.py::test_build_subjects_flattens_candidates_across_files PASSED [  4%]
tests/unit/foundation/comparer/test_base.py::test_build_subjects_sorts_by_subject_id PASSED [  5%]
tests/unit/foundation/comparer/test_base.py::test_build_subjects_rejects_a_failed_extraction PASSED [  6%]
tests/unit/foundation/comparer/test_base.py::test_build_subjects_rejects_duplicate_subject_ids PASSED [  6%]
tests/unit/foundation/comparer/test_base.py::test_build_subjects_empty_input_returns_empty_tuple PASSED [  7%]
tests/unit/foundation/comparer/test_base.py::test_foundation_comparison_verdict_values PASSED [  8%]
tests/unit/foundation/comparer/test_base.py::test_foundation_comparison_outcome_accepts_a_valid_pair PASSED [  9%]
tests/unit/foundation/comparer/test_base.py::test_foundation_comparison_outcome_rejects_blank_left_subject_id PASSED [ 10%]
tests/unit/foundation/comparer/test_base.py::test_foundation_comparison_outcome_rejects_blank_right_subject_id PASSED [ 10%]
tests/unit/foundation/comparer/test_base.py::test_foundation_comparison_outcome_rejects_equal_subject_ids PASSED [ 11%]
tests/unit/foundation/comparer/test_base.py::test_foundation_comparison_outcome_rejects_unsorted_shared_signals PASSED [ 12%]
tests/unit/foundation/comparer/test_base.py::test_foundation_comparison_outcome_rejects_duplicate_shared_signals PASSED [ 13%]
tests/unit/foundation/comparer/test_base.py::test_foundation_comparer_cannot_be_instantiated_directly PASSED [ 13%]
tests/unit/foundation/comparer/test_base.py::test_require_distinct_subjects_returns_the_pair_unchanged PASSED [ 14%]
tests/unit/foundation/comparer/test_base.py::test_require_distinct_subjects_rejects_a_subject_compared_to_itself PASSED [ 15%]
tests/unit/foundation/comparer/test_base.py::test_compare_all_covers_every_distinct_pair PASSED [ 16%]
tests/unit/foundation/comparer/test_base.py::test_compare_all_is_deterministic_regardless_of_input_order PASSED [ 17%]
tests/unit/foundation/comparer/test_base.py::test_compare_all_empty_input_returns_empty_tuple PASSED [ 17%]
tests/unit/foundation/exporter/test_base.py::test_default_foundation_export_format_version_is_a_non_blank_string PASSED [ 18%]
tests/unit/foundation/exporter/test_base.py::test_compute_export_checksum_is_deterministic PASSED [ 19%]
tests/unit/foundation/exporter/test_base.py::test_compute_export_checksum_is_independent_of_key_order PASSED [ 20%]
tests/unit/foundation/exporter/test_base.py::test_compute_export_checksum_differs_for_different_payloads PASSED [ 20%]
tests/unit/foundation/exporter/test_base.py::test_compute_export_checksum_returns_a_64_character_hex_digest PASSED [ 21%]
tests/unit/foundation/exporter/test_base.py::test_compute_export_checksum_rejects_a_non_json_safe_payload PASSED [ 22%]
tests/unit/foundation/exporter/test_base.py::test_foundation_export_accepts_valid_fields PASSED [ 23%]
tests/unit/foundation/exporter/test_base.py::test_foundation_export_is_frozen PASSED [ 24%]
tests/unit/foundation/exporter/test_base.py::test_foundation_export_rejects_blank_format_version PASSED [ 24%]
tests/unit/foundation/exporter/test_base.py::test_foundation_export_rejects_negative_member_count PASSED [ 25%]
tests/unit/foundation/exporter/test_base.py::test_foundation_export_rejects_a_short_checksum PASSED [ 26%]
tests/unit/foundation/exporter/test_base.py::test_foundation_export_rejects_a_non_hex_checksum PASSED [ 27%]
tests/unit/foundation/exporter/test_base.py::test_foundation_export_rejects_an_uppercase_checksum PASSED [ 27%]
tests/unit/foundation/exporter/test_base.py::test_foundation_exporter_cannot_be_instantiated_directly PASSED [ 28%]
tests/unit/foundation/exporter/test_base.py::test_result_to_mapping_checksum_round_trips_through_export_construction PASSED [ 29%]
tests/unit/foundation/merger/test_base.py::test_foundation_member_is_frozen PASSED [ 30%]
tests/unit/foundation/merger/test_base.py::test_foundation_member_rejects_blank_subject_id PASSED [ 31%]
tests/unit/foundation/merger/test_base.py::test_foundation_member_rejects_blank_name PASSED [ 31%]
tests/unit/foundation/merger/test_base.py::test_foundation_member_rejects_blank_relative_path PASSED [ 32%]
tests/unit/foundation/merger/test_base.py::test_foundation_member_rejects_score_out_of_range PASSED [ 33%]
tests/unit/foundation/merger/test_base.py::test_foundation_result_defaults_to_empty PASSED [ 34%]
tests/unit/foundation/merger/test_base.py::test_foundation_result_accepts_correctly_ordered_members PASSED [ 34%]
tests/unit/foundation/merger/test_base.py::test_foundation_result_rejects_members_out_of_score_order PASSED [ 35%]
tests/unit/foundation/merger/test_base.py::test_foundation_result_rejects_duplicate_members PASSED [ 36%]
tests/unit/foundation/merger/test_base.py::test_foundation_result_get_member_returns_the_matching_member PASSED [ 37%]
tests/unit/foundation/merger/test_base.py::test_foundation_result_get_member_raises_for_an_unknown_subject PASSED [ 37%]
tests/unit/foundation/merger/test_base.py::test_foundation_result_to_mapping_is_json_safe PASSED [ 38%]
tests/unit/foundation/merger/test_base.py::test_foundation_merger_cannot_be_instantiated_directly PASSED [ 39%]
tests/unit/foundation/merger/test_base.py::test_require_mergeable_selection_accepts_known_subjects PASSED [ 40%]
tests/unit/foundation/merger/test_base.py::test_require_mergeable_selection_rejects_an_unknown_subject PASSED [ 41%]
tests/unit/foundation/merger/test_base.py::test_require_mergeable_selection_rejects_a_selected_subject_missing_a_score PASSED [ 41%]
tests/unit/foundation/merger/test_base.py::test_require_no_conflicting_selection_passes_when_no_conflict_exists PASSED [ 42%]
tests/unit/foundation/merger/test_base.py::test_require_no_conflicting_selection_rejects_a_conflicting_pair PASSED [ 43%]
tests/unit/foundation/merger/test_base.py::test_require_no_conflicting_selection_ignores_a_conflict_outside_the_selection PASSED [ 44%]
tests/unit/foundation/ranking/test_base.py::test_foundation_score_defaults_rationale_to_empty PASSED [ 44%]
tests/unit/foundation/ranking/test_base.py::test_foundation_score_is_frozen PASSED [ 45%]
tests/unit/foundation/ranking/test_base.py::test_foundation_score_rejects_blank_subject_id PASSED [ 46%]
tests/unit/foundation/ranking/test_base.py::test_foundation_score_rejects_value_below_zero PASSED [ 47%]
tests/unit/foundation/ranking/test_base.py::test_foundation_score_rejects_value_above_one PASSED [ 48%]
tests/unit/foundation/ranking/test_base.py::test_foundation_score_accepts_boundary_values PASSED [ 48%]
tests/unit/foundation/ranking/test_base.py::test_foundation_ranking_defaults_to_empty PASSED [ 49%]
tests/unit/foundation/ranking/test_base.py::test_foundation_ranking_accepts_correctly_ordered_scores PASSED [ 50%]
tests/unit/foundation/ranking/test_base.py::test_foundation_ranking_rejects_scores_out_of_value_order PASSED [ 51%]
tests/unit/foundation/ranking/test_base.py::test_foundation_ranking_rejects_ties_out_of_subject_id_order PASSED [ 51%]
tests/unit/foundation/ranking/test_base.py::test_foundation_ranking_rejects_duplicate_subject_ids PASSED [ 52%]
tests/unit/foundation/ranking/test_base.py::test_foundation_ranking_top_returns_the_first_n_entries PASSED [ 53%]
tests/unit/foundation/ranking/test_base.py::test_foundation_ranking_top_beyond_length_returns_everything PASSED [ 54%]
tests/unit/foundation/ranking/test_base.py::test_foundation_ranking_top_rejects_negative_count PASSED [ 55%]
tests/unit/foundation/ranking/test_base.py::test_foundation_ranking_score_for_returns_the_matching_score PASSED [ 55%]
tests/unit/foundation/ranking/test_base.py::test_foundation_ranking_score_for_raises_for_an_unknown_subject PASSED [ 56%]
tests/unit/foundation/ranking/test_base.py::test_foundation_ranker_cannot_be_instantiated_directly PASSED [ 57%]
tests/unit/foundation/ranking/test_base.py::test_require_unique_subjects_returns_subjects_unchanged PASSED [ 58%]
tests/unit/foundation/ranking/test_base.py::test_require_unique_subjects_rejects_a_duplicate_subject_id PASSED [ 58%]
tests/unit/foundation/selector/test_base.py::test_foundation_selection_policy_defaults PASSED [ 59%]
tests/unit/foundation/selector/test_base.py::test_foundation_selection_policy_is_frozen PASSED [ 60%]
tests/unit/foundation/selector/test_base.py::test_foundation_selection_policy_rejects_minimum_score_below_zero PASSED [ 61%]
tests/unit/foundation/selector/test_base.py::test_foundation_selection_policy_rejects_minimum_score_above_one PASSED [ 62%]
tests/unit/foundation/selector/test_base.py::test_foundation_selection_policy_rejects_non_positive_maximum_selected PASSED [ 62%]
tests/unit/foundation/selector/test_base.py::test_foundation_selection_policy_accepts_a_positive_maximum_selected PASSED [ 63%]
tests/unit/foundation/selector/test_base.py::test_foundation_rejection_rejects_blank_subject_id PASSED [ 64%]
tests/unit/foundation/selector/test_base.py::test_foundation_rejection_rejects_blank_message PASSED [ 65%]
tests/unit/foundation/selector/test_base.py::test_foundation_selection_result_defaults_to_empty PASSED [ 65%]
tests/unit/foundation/selector/test_base.py::test_foundation_selection_result_accepts_a_valid_split PASSED [ 66%]
tests/unit/foundation/selector/test_base.py::test_foundation_selection_result_rejects_unsorted_selected_ids PASSED [ 67%]
tests/unit/foundation/selector/test_base.py::test_foundation_selection_result_rejects_duplicate_selected_ids PASSED [ 68%]
tests/unit/foundation/selector/test_base.py::test_foundation_selection_result_rejects_unsorted_rejections PASSED [ 68%]
tests/unit/foundation/selector/test_base.py::test_foundation_selection_result_rejects_duplicate_rejection_ids PASSED [ 69%]
tests/unit/foundation/selector/test_base.py::test_foundation_selection_result_rejects_overlap_between_selected_and_rejected PASSED [ 70%]
tests/unit/foundation/selector/test_base.py::test_foundation_selector_cannot_be_instantiated_directly PASSED [ 71%]
tests/unit/foundation/selector/test_base.py::test_require_consistent_inputs_accepts_matching_data PASSED [ 72%]
tests/unit/foundation/selector/test_base.py::test_require_consistent_inputs_rejects_an_unknown_ranking_subject PASSED [ 72%]
tests/unit/foundation/selector/test_base.py::test_require_consistent_inputs_rejects_an_unknown_comparison_subject PASSED [ 73%]
tests/unit/foundation/test_dependency_boundaries.py::test_foundation_module_imports_no_forbidden_layer[__init__.py] PASSED [ 74%]
tests/unit/foundation/test_dependency_boundaries.py::test_foundation_module_imports_no_forbidden_layer[comparer/__init__.py] PASSED [ 75%]
tests/unit/foundation/test_dependency_boundaries.py::test_foundation_module_imports_no_forbidden_layer[comparer/base.py] PASSED [ 75%]
tests/unit/foundation/test_dependency_boundaries.py::test_foundation_module_imports_no_forbidden_layer[exporter/__init__.py] PASSED [ 76%]
tests/unit/foundation/test_dependency_boundaries.py::test_foundation_module_imports_no_forbidden_layer[exporter/base.py] PASSED [ 77%]
tests/unit/foundation/test_dependency_boundaries.py::test_foundation_module_imports_no_forbidden_layer[merger/__init__.py] PASSED [ 78%]
tests/unit/foundation/test_dependency_boundaries.py::test_foundation_module_imports_no_forbidden_layer[merger/base.py] PASSED [ 79%]
tests/unit/foundation/test_dependency_boundaries.py::test_foundation_module_imports_no_forbidden_layer[ranking/__init__.py] PASSED [ 79%]
tests/unit/foundation/test_dependency_boundaries.py::test_foundation_module_imports_no_forbidden_layer[ranking/base.py] PASSED [ 80%]
tests/unit/foundation/test_dependency_boundaries.py::test_foundation_module_imports_no_forbidden_layer[selector/__init__.py] PASSED [ 81%]
tests/unit/foundation/test_dependency_boundaries.py::test_foundation_module_imports_no_forbidden_layer[selector/base.py] PASSED [ 82%]
tests/unit/foundation/test_dependency_boundaries.py::test_foundation_module_imports_only_allowed_layers[__init__.py] PASSED [ 82%]
tests/unit/foundation/test_dependency_boundaries.py::test_foundation_module_imports_only_allowed_layers[comparer/__init__.py] PASSED [ 83%]
tests/unit/foundation/test_dependency_boundaries.py::test_foundation_module_imports_only_allowed_layers[comparer/base.py] PASSED [ 84%]
tests/unit/foundation/test_dependency_boundaries.py::test_foundation_module_imports_only_allowed_layers[exporter/__init__.py] PASSED [ 85%]
tests/unit/foundation/test_dependency_boundaries.py::test_foundation_module_imports_only_allowed_layers[exporter/base.py] PASSED [ 86%]
tests/unit/foundation/test_dependency_boundaries.py::test_foundation_module_imports_only_allowed_layers[merger/__init__.py] PASSED [ 86%]
tests/unit/foundation/test_dependency_boundaries.py::test_foundation_module_imports_only_allowed_layers[merger/base.py] PASSED [ 87%]
tests/unit/foundation/test_dependency_boundaries.py::test_foundation_module_imports_only_allowed_layers[ranking/__init__.py] PASSED [ 88%]
tests/unit/foundation/test_dependency_boundaries.py::test_foundation_module_imports_only_allowed_layers[ranking/base.py] PASSED [ 89%]
tests/unit/foundation/test_dependency_boundaries.py::test_foundation_module_imports_only_allowed_layers[selector/__init__.py] PASSED [ 89%]
tests/unit/foundation/test_dependency_boundaries.py::test_foundation_module_imports_only_allowed_layers[selector/base.py] PASSED [ 90%]
tests/unit/foundation/test_dependency_boundaries.py::test_foundation_subpackages_have_no_import_cycle PASSED [ 91%]
tests/unit/foundation/test_imports.py::test_foundation_module_imports_successfully[src.foundation] PASSED [ 92%]
tests/unit/foundation/test_imports.py::test_foundation_module_imports_successfully[src.foundation.comparer] PASSED [ 93%]
tests/unit/foundation/test_imports.py::test_foundation_module_imports_successfully[src.foundation.comparer.base] PASSED [ 93%]
tests/unit/foundation/test_imports.py::test_foundation_module_imports_successfully[src.foundation.ranking] PASSED [ 94%]
tests/unit/foundation/test_imports.py::test_foundation_module_imports_successfully[src.foundation.ranking.base] PASSED [ 95%]
tests/unit/foundation/test_imports.py::test_foundation_module_imports_successfully[src.foundation.selector] PASSED [ 96%]
tests/unit/foundation/test_imports.py::test_foundation_module_imports_successfully[src.foundation.selector.base] PASSED [ 96%]
tests/unit/foundation/test_imports.py::test_foundation_module_imports_successfully[src.foundation.merger] PASSED [ 97%]
tests/unit/foundation/test_imports.py::test_foundation_module_imports_successfully[src.foundation.merger.base] PASSED [ 98%]
tests/unit/foundation/test_imports.py::test_foundation_module_imports_successfully[src.foundation.exporter] PASSED [ 99%]
tests/unit/foundation/test_imports.py::test_foundation_module_imports_successfully[src.foundation.exporter.base] PASSED [100%]

============================= 129 passed in 0.22s ==============================

=====================================================================
Full repository test suite (Phase 1-9 combined):
tests/unit/repository/test_workspace.py::test_remove_does_not_affect_other_workspaces PASSED [100%]

============================= 825 passed in 1.67s ==============================
